<?xml version="1.0" encoding="UTF-8"?>
<!-- Generated by org.testng.reporters.JUnitXMLReporter -->
<testsuite ignored="0" hostname="Dishant" failures="1" tests="2" name="Test(failed)" time="27.057" errors="0" timestamp="2026-03-29T12:07:01 IST">
  <testcase classname="testCases.TC002_LoginTest" name="verify_login" time="2.615"/>
  <testcase classname="testCases.TC001_AccountRegistrationTest" name="verif_account_registration" time="3.844">
    <failure type="java.lang.AssertionError" message="expected [true] but found [false]">
      <![CDATA[java.lang.AssertionError: expected [true] but found [false]
at testCases.TC001_AccountRegistrationTest.verif_account_registration(TC001_AccountRegistrationTest.java:70)
at java.base/java.util.ArrayList.forEach(ArrayList.java:1597)
... Removed 29 stack frames]]>
    </failure>
  </testcase> <!-- verif_account_registration -->
</testsuite> <!-- Test(failed) -->
