<?xml version="1.0" encoding="UTF-8"?>
<!-- Generated by org.testng.reporters.JUnitXMLReporter -->
<testsuite ignored="0" hostname="Dishant" failures="0" tests="5" name="Test" time="36.936" errors="0" timestamp="2026-05-02T18:29:11 IST">
  <testcase classname="testCases.TC001_AccountRegistrationTest" name="verif_account_registration" time="3.654"/>
  <testcase classname="testCases.TC002_LoginTest" name="verify_login" time="3.455"/>
  <testcase classname="testCases.TC004_Search" name="verify_text" time="3.305"/>
  <testcase classname="testCases.TC005_mobilelink" name="mobile_isClick" time="3.642"/>
  <testcase classname="testCases.TC006_VerifycameraAddtocart" name="verifyCameraAddToCart" time="2.469"/>
</testsuite> <!-- Test -->
