<?xml version="1.0" encoding="UTF-8"?>
<!-- Generated by org.testng.reporters.JUnitXMLReporter -->
<testsuite ignored="0" hostname="Dishant" failures="1" tests="4" name="Test" time="51.841" errors="0" timestamp="2026-05-01T20:31:36 IST">
  <testcase classname="testCases.TC001_AccountRegistrationTest" name="verif_account_registration" time="8.95"/>
  <testcase classname="testCases.TC002_LoginTest" name="verify_login" time="9.672"/>
  <testcase classname="testCases.TC004_Search" name="verify_text" time="3.998"/>
  <testcase classname="testCases.TC005_mobilelink" name="mobile_isClick" time="7.179">
    <failure type="java.lang.AssertionError" message="expected [Cameras] but found [ameras]">
      <![CDATA[java.lang.AssertionError: expected [Cameras] but found [ameras]
at testCases.TC005_mobilelink.mobile_isClick(TC005_mobilelink.java:34)
at java.base/java.util.ArrayList.forEach(ArrayList.java:1597)
... Removed 31 stack frames]]>
    </failure>
  </testcase> <!-- mobile_isClick -->
</testsuite> <!-- Test -->
