<?xml version="1.0" encoding="UTF-8"?>
<!-- Generated by org.testng.reporters.JUnitXMLReporter -->
<testsuite ignored="0" hostname="Dishant" failures="0" tests="2" name="Linux-firefox" time="0.059" errors="0" timestamp="2026-04-05T10:05:40 IST">
  <testcase classname="testCases.TC001_AccountRegistrationTest" name="verif_account_registration" time="0.0">
    <skipped/>
  </testcase> <!-- verif_account_registration -->
  <testcase classname="testCases.TC002_LoginTest" name="verify_login" time="0.0">
    <skipped/>
  </testcase> <!-- verify_login -->
</testsuite> <!-- Linux-firefox -->
