<?xml version="1.0" encoding="UTF-8"?>
<testng-results ignored="0" total="2" passed="2" failed="0" skipped="0">
  <reporter-output>
  </reporter-output>
  <suite started-at="2026-04-06T21:09:16 IST" name="Master Suite" finished-at="2026-04-06T21:09:45 IST" duration-ms="29482">
    <groups>
      <group name="Master">
        <method signature="TC001_AccountRegistrationTest.verif_account_registration()[pri:0, instance:testCases.TC001_AccountRegistrationTest@2d7275fc]" name="verif_account_registration" class="testCases.TC001_AccountRegistrationTest"/>
        <method signature="TC002_LoginTest.verify_login()[pri:0, instance:testCases.TC002_LoginTest@36bc55de]" name="verify_login" class="testCases.TC002_LoginTest"/>
      </group> <!-- Master -->
      <group name="Sanity">
        <method signature="TC002_LoginTest.verify_login()[pri:0, instance:testCases.TC002_LoginTest@36bc55de]" name="verify_login" class="testCases.TC002_LoginTest"/>
      </group> <!-- Sanity -->
      <group name="Regression">
        <method signature="TC001_AccountRegistrationTest.verif_account_registration()[pri:0, instance:testCases.TC001_AccountRegistrationTest@2d7275fc]" name="verif_account_registration" class="testCases.TC001_AccountRegistrationTest"/>
      </group> <!-- Regression -->
    </groups>
    <test started-at="2026-04-06T21:09:16 IST" name="Test" finished-at="2026-04-06T21:09:45 IST" duration-ms="29482">
      <class name="testCases.TC002_LoginTest">
        <test-method is-config="true" signature="setup(java.lang.String,java.lang.String)[pri:0, instance:testCases.TC002_LoginTest@36bc55de]" started-at="2026-04-06T21:09:34 IST" name="setup" finished-at="2026-04-06T21:09:42 IST" duration-ms="7732" status="PASS">
          <params>
            <param index="0">
              <value>
                <![CDATA[Windows]]>
              </value>
            </param>
            <param index="1">
              <value>
                <![CDATA[chrome]]>
              </value>
            </param>
          </params>
          <reporter-output>
          </reporter-output>
        </test-method> <!-- setup -->
        <test-method signature="verify_login()[pri:0, instance:testCases.TC002_LoginTest@36bc55de]" started-at="2026-04-06T21:09:42 IST" name="verify_login" finished-at="2026-04-06T21:09:45 IST" duration-ms="2917" status="PASS">
          <reporter-output>
          </reporter-output>
        </test-method> <!-- verify_login -->
        <test-method is-config="true" signature="tearDown()[pri:0, instance:testCases.TC002_LoginTest@36bc55de]" started-at="2026-04-06T21:09:45 IST" name="tearDown" finished-at="2026-04-06T21:09:45 IST" duration-ms="352" status="PASS">
          <reporter-output>
          </reporter-output>
        </test-method> <!-- tearDown -->
      </class> <!-- testCases.TC002_LoginTest -->
      <class name="testCases.TC001_AccountRegistrationTest">
        <test-method is-config="true" signature="setup(java.lang.String,java.lang.String)[pri:0, instance:testCases.TC001_AccountRegistrationTest@2d7275fc]" started-at="2026-04-06T21:09:16 IST" name="setup" finished-at="2026-04-06T21:09:27 IST" duration-ms="11341" status="PASS">
          <params>
            <param index="0">
              <value>
                <![CDATA[Windows]]>
              </value>
            </param>
            <param index="1">
              <value>
                <![CDATA[chrome]]>
              </value>
            </param>
          </params>
          <reporter-output>
          </reporter-output>
        </test-method> <!-- setup -->
        <test-method signature="verif_account_registration()[pri:0, instance:testCases.TC001_AccountRegistrationTest@2d7275fc]" started-at="2026-04-06T21:09:27 IST" name="verif_account_registration" finished-at="2026-04-06T21:09:34 IST" duration-ms="6427" status="PASS">
          <reporter-output>
          </reporter-output>
        </test-method> <!-- verif_account_registration -->
        <test-method is-config="true" signature="tearDown()[pri:0, instance:testCases.TC001_AccountRegistrationTest@2d7275fc]" started-at="2026-04-06T21:09:34 IST" name="tearDown" finished-at="2026-04-06T21:09:34 IST" duration-ms="373" status="PASS">
          <reporter-output>
          </reporter-output>
        </test-method> <!-- tearDown -->
      </class> <!-- testCases.TC001_AccountRegistrationTest -->
    </test> <!-- Test -->
  </suite> <!-- Master Suite -->
</testng-results>
