<?xml version="1.0" encoding="UTF-8"?>
<testng-results ignored="0" total="5" passed="5" failed="0" skipped="0">
  <reporter-output>
  </reporter-output>
  <suite started-at="2026-05-02T18:28:32 IST" name="Master Suite" finished-at="2026-05-02T18:29:09 IST" duration-ms="36936">
    <groups>
      <group name="Master">
        <method signature="TC001_AccountRegistrationTest.verif_account_registration()[pri:0, instance:testCases.TC001_AccountRegistrationTest@707194ba]" name="verif_account_registration" class="testCases.TC001_AccountRegistrationTest"/>
        <method signature="TC002_LoginTest.verify_login()[pri:0, instance:testCases.TC002_LoginTest@4c39bec8]" name="verify_login" class="testCases.TC002_LoginTest"/>
        <method signature="TC004_Search.verify_text()[pri:0, instance:testCases.TC004_Search@f79e]" name="verify_text" class="testCases.TC004_Search"/>
        <method signature="TC005_mobilelink.mobile_isClick()[pri:0, instance:testCases.TC005_mobilelink@7ee8290b]" name="mobile_isClick" class="testCases.TC005_mobilelink"/>
        <method signature="TC006_VerifycameraAddtocart.verifyCameraAddToCart()[pri:0, instance:testCases.TC006_VerifycameraAddtocart@1f59a598]" name="verifyCameraAddToCart" class="testCases.TC006_VerifycameraAddtocart"/>
      </group> <!-- Master -->
      <group name="Sanity">
        <method signature="TC002_LoginTest.verify_login()[pri:0, instance:testCases.TC002_LoginTest@4c39bec8]" name="verify_login" class="testCases.TC002_LoginTest"/>
        <method signature="TC004_Search.verify_text()[pri:0, instance:testCases.TC004_Search@f79e]" name="verify_text" class="testCases.TC004_Search"/>
        <method signature="TC005_mobilelink.mobile_isClick()[pri:0, instance:testCases.TC005_mobilelink@7ee8290b]" name="mobile_isClick" class="testCases.TC005_mobilelink"/>
        <method signature="TC006_VerifycameraAddtocart.verifyCameraAddToCart()[pri:0, instance:testCases.TC006_VerifycameraAddtocart@1f59a598]" name="verifyCameraAddToCart" class="testCases.TC006_VerifycameraAddtocart"/>
      </group> <!-- Sanity -->
      <group name="Regression">
        <method signature="TC001_AccountRegistrationTest.verif_account_registration()[pri:0, instance:testCases.TC001_AccountRegistrationTest@707194ba]" name="verif_account_registration" class="testCases.TC001_AccountRegistrationTest"/>
      </group> <!-- Regression -->
    </groups>
    <test started-at="2026-05-02T18:28:32 IST" name="Test" finished-at="2026-05-02T18:29:09 IST" duration-ms="36936">
      <class name="testCases.TC002_LoginTest">
        <test-method is-config="true" signature="setup(java.lang.String,java.lang.String)[pri:0, instance:testCases.TC002_LoginTest@4c39bec8]" started-at="2026-05-02T18:28:42 IST" name="setup" finished-at="2026-05-02T18:28:45 IST" duration-ms="3063" status="PASS">
          <params>
            <param index="0">
              <value>
                <![CDATA[Windows]]>
              </value>
            </param>
            <param index="1">
              <value>
                <![CDATA[chrome]]>
              </value>
            </param>
          </params>
          <reporter-output>
          </reporter-output>
        </test-method> <!-- setup -->
        <test-method signature="verify_login()[pri:0, instance:testCases.TC002_LoginTest@4c39bec8]" started-at="2026-05-02T18:28:45 IST" name="verify_login" finished-at="2026-05-02T18:28:49 IST" duration-ms="3455" status="PASS">
          <reporter-output>
          </reporter-output>
        </test-method> <!-- verify_login -->
        <test-method is-config="true" signature="tearDown()[pri:0, instance:testCases.TC002_LoginTest@4c39bec8]" started-at="2026-05-02T18:28:49 IST" name="tearDown" finished-at="2026-05-02T18:28:49 IST" duration-ms="227" status="PASS">
          <reporter-output>
          </reporter-output>
        </test-method> <!-- tearDown -->
      </class> <!-- testCases.TC002_LoginTest -->
      <class name="testCases.TC006_VerifycameraAddtocart">
        <test-method is-config="true" signature="setup(java.lang.String,java.lang.String)[pri:0, instance:testCases.TC006_VerifycameraAddtocart@1f59a598]" started-at="2026-05-02T18:29:04 IST" name="setup" finished-at="2026-05-02T18:29:07 IST" duration-ms="2835" status="PASS">
          <params>
            <param index="0">
              <value>
                <![CDATA[Windows]]>
              </value>
            </param>
            <param index="1">
              <value>
                <![CDATA[chrome]]>
              </value>
            </param>
          </params>
          <reporter-output>
          </reporter-output>
        </test-method> <!-- setup -->
        <test-method signature="verifyCameraAddToCart()[pri:0, instance:testCases.TC006_VerifycameraAddtocart@1f59a598]" started-at="2026-05-02T18:29:07 IST" name="verifyCameraAddToCart" finished-at="2026-05-02T18:29:09 IST" duration-ms="2469" status="PASS">
          <reporter-output>
          </reporter-output>
        </test-method> <!-- verifyCameraAddToCart -->
        <test-method is-config="true" signature="tearDown()[pri:0, instance:testCases.TC006_VerifycameraAddtocart@1f59a598]" started-at="2026-05-02T18:29:09 IST" name="tearDown" finished-at="2026-05-02T18:29:09 IST" duration-ms="271" status="PASS">
          <reporter-output>
          </reporter-output>
        </test-method> <!-- tearDown -->
      </class> <!-- testCases.TC006_VerifycameraAddtocart -->
      <class name="testCases.TC005_mobilelink">
        <test-method is-config="true" signature="setup(java.lang.String,java.lang.String)[pri:0, instance:testCases.TC005_mobilelink@7ee8290b]" started-at="2026-05-02T18:28:56 IST" name="setup" finished-at="2026-05-02T18:29:00 IST" duration-ms="4287" status="PASS">
          <params>
            <param index="0">
              <value>
                <![CDATA[Windows]]>
              </value>
            </param>
            <param index="1">
              <value>
                <![CDATA[chrome]]>
              </value>
            </param>
          </params>
          <reporter-output>
          </reporter-output>
        </test-method> <!-- setup -->
        <test-method signature="mobile_isClick()[pri:0, instance:testCases.TC005_mobilelink@7ee8290b]" started-at="2026-05-02T18:29:00 IST" name="mobile_isClick" finished-at="2026-05-02T18:29:04 IST" duration-ms="3642" status="PASS">
          <reporter-output>
          </reporter-output>
        </test-method> <!-- mobile_isClick -->
        <test-method is-config="true" signature="tearDown()[pri:0, instance:testCases.TC005_mobilelink@7ee8290b]" started-at="2026-05-02T18:29:04 IST" name="tearDown" finished-at="2026-05-02T18:29:04 IST" duration-ms="243" status="PASS">
          <reporter-output>
          </reporter-output>
        </test-method> <!-- tearDown -->
      </class> <!-- testCases.TC005_mobilelink -->
      <class name="testCases.TC004_Search">
        <test-method is-config="true" signature="setup(java.lang.String,java.lang.String)[pri:0, instance:testCases.TC004_Search@f79e]" started-at="2026-05-02T18:28:49 IST" name="setup" finished-at="2026-05-02T18:28:52 IST" duration-ms="2976" status="PASS">
          <params>
            <param index="0">
              <value>
                <![CDATA[Windows]]>
              </value>
            </param>
            <param index="1">
              <value>
                <![CDATA[chrome]]>
              </value>
            </param>
          </params>
          <reporter-output>
          </reporter-output>
        </test-method> <!-- setup -->
        <test-method signature="verify_text()[pri:0, instance:testCases.TC004_Search@f79e]" started-at="2026-05-02T18:28:52 IST" name="verify_text" finished-at="2026-05-02T18:28:55 IST" duration-ms="3305" status="PASS">
          <reporter-output>
          </reporter-output>
        </test-method> <!-- verify_text -->
        <test-method is-config="true" signature="tearDown()[pri:0, instance:testCases.TC004_Search@f79e]" started-at="2026-05-02T18:28:55 IST" name="tearDown" finished-at="2026-05-02T18:28:56 IST" duration-ms="229" status="PASS">
          <reporter-output>
          </reporter-output>
        </test-method> <!-- tearDown -->
      </class> <!-- testCases.TC004_Search -->
      <class name="testCases.TC001_AccountRegistrationTest">
        <test-method is-config="true" signature="setup(java.lang.String,java.lang.String)[pri:0, instance:testCases.TC001_AccountRegistrationTest@707194ba]" started-at="2026-05-02T18:28:33 IST" name="setup" finished-at="2026-05-02T18:28:38 IST" duration-ms="5639" status="PASS">
          <params>
            <param index="0">
              <value>
                <![CDATA[Windows]]>
              </value>
            </param>
            <param index="1">
              <value>
                <![CDATA[chrome]]>
              </value>
            </param>
          </params>
          <reporter-output>
          </reporter-output>
        </test-method> <!-- setup -->
        <test-method signature="verif_account_registration()[pri:0, instance:testCases.TC001_AccountRegistrationTest@707194ba]" started-at="2026-05-02T18:28:38 IST" name="verif_account_registration" finished-at="2026-05-02T18:28:42 IST" duration-ms="3654" status="PASS">
          <reporter-output>
          </reporter-output>
        </test-method> <!-- verif_account_registration -->
        <test-method is-config="true" signature="tearDown()[pri:0, instance:testCases.TC001_AccountRegistrationTest@707194ba]" started-at="2026-05-02T18:28:42 IST" name="tearDown" finished-at="2026-05-02T18:28:42 IST" duration-ms="267" status="PASS">
          <reporter-output>
          </reporter-output>
        </test-method> <!-- tearDown -->
      </class> <!-- testCases.TC001_AccountRegistrationTest -->
    </test> <!-- Test -->
  </suite> <!-- Master Suite -->
</testng-results>
