<?xml version="1.0" encoding="UTF-8"?>
<testng-results ignored="0" total="3" passed="3" failed="0" skipped="0">
  <reporter-output>
  </reporter-output>
  <suite started-at="2026-04-08T15:43:41 IST" name="Master Suite" finished-at="2026-04-08T15:44:12 IST" duration-ms="30846">
    <groups>
      <group name="Master">
        <method signature="TC001_AccountRegistrationTest.verif_account_registration()[pri:0, instance:testCases.TC001_AccountRegistrationTest@5aebe890]" name="verif_account_registration" class="testCases.TC001_AccountRegistrationTest"/>
        <method signature="TC002_LoginTest.verify_login()[pri:0, instance:testCases.TC002_LoginTest@291caca8]" name="verify_login" class="testCases.TC002_LoginTest"/>
        <method signature="TC004_Search.verify_text()[pri:0, instance:testCases.TC004_Search@385e9564]" name="verify_text" class="testCases.TC004_Search"/>
      </group> <!-- Master -->
      <group name="Sanity">
        <method signature="TC002_LoginTest.verify_login()[pri:0, instance:testCases.TC002_LoginTest@291caca8]" name="verify_login" class="testCases.TC002_LoginTest"/>
        <method signature="TC004_Search.verify_text()[pri:0, instance:testCases.TC004_Search@385e9564]" name="verify_text" class="testCases.TC004_Search"/>
      </group> <!-- Sanity -->
      <group name="Regression">
        <method signature="TC001_AccountRegistrationTest.verif_account_registration()[pri:0, instance:testCases.TC001_AccountRegistrationTest@5aebe890]" name="verif_account_registration" class="testCases.TC001_AccountRegistrationTest"/>
      </group> <!-- Regression -->
    </groups>
    <test started-at="2026-04-08T15:43:41 IST" name="Test" finished-at="2026-04-08T15:44:12 IST" duration-ms="30846">
      <class name="testCases.TC002_LoginTest">
        <test-method is-config="true" signature="setup(java.lang.String,java.lang.String)[pri:0, instance:testCases.TC002_LoginTest@291caca8]" started-at="2026-04-08T15:43:52 IST" name="setup" finished-at="2026-04-08T15:43:59 IST" duration-ms="6899" status="PASS">
          <params>
            <param index="0">
              <value>
                <![CDATA[Windows]]>
              </value>
            </param>
            <param index="1">
              <value>
                <![CDATA[chrome]]>
              </value>
            </param>
          </params>
          <reporter-output>
          </reporter-output>
        </test-method> <!-- setup -->
        <test-method signature="verify_login()[pri:0, instance:testCases.TC002_LoginTest@291caca8]" started-at="2026-04-08T15:43:59 IST" name="verify_login" finished-at="2026-04-08T15:44:02 IST" duration-ms="2382" status="PASS">
          <reporter-output>
          </reporter-output>
        </test-method> <!-- verify_login -->
        <test-method is-config="true" signature="tearDown()[pri:0, instance:testCases.TC002_LoginTest@291caca8]" started-at="2026-04-08T15:44:02 IST" name="tearDown" finished-at="2026-04-08T15:44:02 IST" duration-ms="234" status="PASS">
          <reporter-output>
          </reporter-output>
        </test-method> <!-- tearDown -->
      </class> <!-- testCases.TC002_LoginTest -->
      <class name="testCases.TC004_Search">
        <test-method is-config="true" signature="setup(java.lang.String,java.lang.String)[pri:0, instance:testCases.TC004_Search@385e9564]" started-at="2026-04-08T15:44:02 IST" name="setup" finished-at="2026-04-08T15:44:09 IST" duration-ms="7402" status="PASS">
          <params>
            <param index="0">
              <value>
                <![CDATA[Windows]]>
              </value>
            </param>
            <param index="1">
              <value>
                <![CDATA[chrome]]>
              </value>
            </param>
          </params>
          <reporter-output>
          </reporter-output>
        </test-method> <!-- setup -->
        <test-method signature="verify_text()[pri:0, instance:testCases.TC004_Search@385e9564]" started-at="2026-04-08T15:44:09 IST" name="verify_text" finished-at="2026-04-08T15:44:12 IST" duration-ms="2833" status="PASS">
          <reporter-output>
          </reporter-output>
        </test-method> <!-- verify_text -->
        <test-method is-config="true" signature="tearDown()[pri:0, instance:testCases.TC004_Search@385e9564]" started-at="2026-04-08T15:44:12 IST" name="tearDown" finished-at="2026-04-08T15:44:12 IST" duration-ms="286" status="PASS">
          <reporter-output>
          </reporter-output>
        </test-method> <!-- tearDown -->
      </class> <!-- testCases.TC004_Search -->
      <class name="testCases.TC001_AccountRegistrationTest">
        <test-method is-config="true" signature="setup(java.lang.String,java.lang.String)[pri:0, instance:testCases.TC001_AccountRegistrationTest@5aebe890]" started-at="2026-04-08T15:43:42 IST" name="setup" finished-at="2026-04-08T15:43:48 IST" duration-ms="6023" status="PASS">
          <params>
            <param index="0">
              <value>
                <![CDATA[Windows]]>
              </value>
            </param>
            <param index="1">
              <value>
                <![CDATA[chrome]]>
              </value>
            </param>
          </params>
          <reporter-output>
          </reporter-output>
        </test-method> <!-- setup -->
        <test-method signature="verif_account_registration()[pri:0, instance:testCases.TC001_AccountRegistrationTest@5aebe890]" started-at="2026-04-08T15:43:48 IST" name="verif_account_registration" finished-at="2026-04-08T15:43:52 IST" duration-ms="4160" status="PASS">
          <reporter-output>
          </reporter-output>
        </test-method> <!-- verif_account_registration -->
        <test-method is-config="true" signature="tearDown()[pri:0, instance:testCases.TC001_AccountRegistrationTest@5aebe890]" started-at="2026-04-08T15:43:52 IST" name="tearDown" finished-at="2026-04-08T15:43:52 IST" duration-ms="251" status="PASS">
          <reporter-output>
          </reporter-output>
        </test-method> <!-- tearDown -->
      </class> <!-- testCases.TC001_AccountRegistrationTest -->
    </test> <!-- Test -->
  </suite> <!-- Master Suite -->
</testng-results>
