<?xml version="1.0" encoding="UTF-8"?>
<!-- Generated by org.testng.reporters.JUnitReportReporter -->
<testsuite hostname="Dishant" failures="0" tests="7" name="testCases.TC003_LoginDDT" time="131.531" errors="0" timestamp="2026-04-05T10:43:58 IST" skipped="0">
  <testcase classname="testCases.TC003_LoginDDT" name="verify_loginDDT" time="2.382"/>
  <testcase classname="testCases.TC003_LoginDDT" name="verify_loginDDT" time="20.833"/>
  <testcase classname="testCases.TC003_LoginDDT" name="verify_loginDDT" time="20.857"/>
  <testcase classname="testCases.TC003_LoginDDT" name="verify_loginDDT" time="21.660"/>
  <testcase classname="testCases.TC003_LoginDDT" name="verify_loginDDT" time="22.334"/>
  <testcase classname="testCases.TC003_LoginDDT" name="verify_loginDDT" time="21.820"/>
  <testcase classname="testCases.TC003_LoginDDT" name="verify_loginDDT" time="21.645"/>
</testsuite> <!-- testCases.TC003_LoginDDT -->
