<?xml version="1.0" encoding="UTF-8"?>
<!-- Generated by org.testng.reporters.JUnitReportReporter -->
<testsuite hostname="Dishant" failures="0" tests="7" name="testCases.TC003_LoginDDT" time="132.350" errors="0" timestamp="2026-04-05T10:58:10 IST" skipped="0">
  <testcase classname="testCases.TC003_LoginDDT" name="verify_loginDDT" time="21.668"/>
  <testcase classname="testCases.TC003_LoginDDT" name="verify_loginDDT" time="21.604"/>
  <testcase classname="testCases.TC003_LoginDDT" name="verify_loginDDT" time="22.030"/>
  <testcase classname="testCases.TC003_LoginDDT" name="verify_loginDDT" time="21.055"/>
  <testcase classname="testCases.TC003_LoginDDT" name="verify_loginDDT" time="22.643"/>
  <testcase classname="testCases.TC003_LoginDDT" name="verify_loginDDT" time="2.608"/>
  <testcase classname="testCases.TC003_LoginDDT" name="verify_loginDDT" time="20.742"/>
</testsuite> <!-- testCases.TC003_LoginDDT -->
